[PID=1514][Thu Mar 17 23:00:01 2022] Error : -262150(eNOTFOUND_BFM) in edubfm_Hash.c:155
[PID=1514][Thu Mar 17 23:00:01 2022] Error : -262152(eBADBUFINDEX_BFM) in edubfm_Hash.c:90
[PID=1700][Thu Mar 17 23:57:09 2022] Error : -262150(eNOTFOUND_BFM) in edubfm_Hash.c:155
[PID=1700][Thu Mar 17 23:57:09 2022] Error : -262152(eBADBUFINDEX_BFM) in edubfm_Hash.c:90
[PID=1809][Thu Mar 17 23:58:34 2022] Error : -905393088(Invalid error code) in EduBfM_Test.c:116
[PID=1809][Thu Mar 17 23:58:34 2022] Error : -589829(eNOLOGGEDTRANSACTION_RM) in RM_Transaction.c:311
[PID=1809][Thu Mar 17 23:58:34 2022] Error : -589829(eNOLOGGEDTRANSACTION_RM) in SM_Transaction.c:258
[PID=1809][Thu Mar 17 23:58:34 2022] Error : -589829(eNOLOGGEDTRANSACTION_RM) in SM_ThinLayer.c:761
[PID=1809][Thu Mar 17 23:58:34 2022] Error : -589829(eNOLOGGEDTRANSACTION_RM) in LRDS_Transaction.c:133
[PID=2993][Fri Mar 18 05:42:59 2022] Error : -1693428464(Invalid error code) in EduBfM_Test.c:116
[PID=2993][Fri Mar 18 05:42:59 2022] Error : -589829(eNOLOGGEDTRANSACTION_RM) in RM_Transaction.c:311
[PID=2993][Fri Mar 18 05:42:59 2022] Error : -589829(eNOLOGGEDTRANSACTION_RM) in SM_Transaction.c:258
[PID=2993][Fri Mar 18 05:42:59 2022] Error : -589829(eNOLOGGEDTRANSACTION_RM) in SM_ThinLayer.c:761
[PID=2993][Fri Mar 18 05:42:59 2022] Error : -589829(eNOLOGGEDTRANSACTION_RM) in LRDS_Transaction.c:133
[PID=3208][Fri Mar 18 05:47:13 2022] Error : -262150(eNOTFOUND_BFM) in edubfm_Hash.c:155
[PID=3208][Fri Mar 18 05:47:13 2022] Error : -262152(eBADBUFINDEX_BFM) in edubfm_Hash.c:90
[PID=3496][Fri Mar 18 06:15:18 2022] Error : -2031819264(Invalid error code) in EduBfM_Test.c:116
[PID=3496][Fri Mar 18 06:15:18 2022] Error : -589829(eNOLOGGEDTRANSACTION_RM) in RM_Transaction.c:311
[PID=3496][Fri Mar 18 06:15:18 2022] Error : -589829(eNOLOGGEDTRANSACTION_RM) in SM_Transaction.c:258
[PID=3496][Fri Mar 18 06:15:18 2022] Error : -589829(eNOLOGGEDTRANSACTION_RM) in SM_ThinLayer.c:761
[PID=3496][Fri Mar 18 06:15:18 2022] Error : -589829(eNOLOGGEDTRANSACTION_RM) in LRDS_Transaction.c:133
[PID=3641][Fri Mar 18 06:19:45 2022] Error : -262150(eNOTFOUND_BFM) in edubfm_Hash.c:155
[PID=3641][Fri Mar 18 06:19:45 2022] Error : -262152(eBADBUFINDEX_BFM) in edubfm_Hash.c:90
[PID=3795][Fri Mar 18 06:22:57 2022] Error : -303590096(Invalid error code) in EduBfM_Test.c:116
[PID=3795][Fri Mar 18 06:22:57 2022] Error : -589829(eNOLOGGEDTRANSACTION_RM) in RM_Transaction.c:311
[PID=3795][Fri Mar 18 06:22:57 2022] Error : -589829(eNOLOGGEDTRANSACTION_RM) in SM_Transaction.c:258
[PID=3795][Fri Mar 18 06:22:57 2022] Error : -589829(eNOLOGGEDTRANSACTION_RM) in SM_ThinLayer.c:761
[PID=3795][Fri Mar 18 06:22:57 2022] Error : -589829(eNOLOGGEDTRANSACTION_RM) in LRDS_Transaction.c:133
[PID=4038][Fri Mar 18 06:32:19 2022] Error : -262150(eNOTFOUND_BFM) in edubfm_Hash.c:155
[PID=4224][Fri Mar 18 06:50:19 2022] Error : -794017392(Invalid error code) in EduBfM_Test.c:116
[PID=4224][Fri Mar 18 06:50:19 2022] Error : -589829(eNOLOGGEDTRANSACTION_RM) in RM_Transaction.c:311
[PID=4224][Fri Mar 18 06:50:19 2022] Error : -589829(eNOLOGGEDTRANSACTION_RM) in SM_Transaction.c:258
[PID=4224][Fri Mar 18 06:50:19 2022] Error : -589829(eNOLOGGEDTRANSACTION_RM) in SM_ThinLayer.c:761
[PID=4224][Fri Mar 18 06:50:19 2022] Error : -589829(eNOLOGGEDTRANSACTION_RM) in LRDS_Transaction.c:133
[PID=4318][Fri Mar 18 06:52:09 2022] Error : -262150(eNOTFOUND_BFM) in edubfm_Hash.c:155
[PID=4379][Fri Mar 18 06:53:25 2022] Error : -401411872(Invalid error code) in EduBfM_Test.c:116
[PID=4379][Fri Mar 18 06:53:25 2022] Error : -589829(eNOLOGGEDTRANSACTION_RM) in RM_Transaction.c:311
[PID=4379][Fri Mar 18 06:53:25 2022] Error : -589829(eNOLOGGEDTRANSACTION_RM) in SM_Transaction.c:258
[PID=4379][Fri Mar 18 06:53:25 2022] Error : -589829(eNOLOGGEDTRANSACTION_RM) in SM_ThinLayer.c:761
[PID=4379][Fri Mar 18 06:53:25 2022] Error : -589829(eNOLOGGEDTRANSACTION_RM) in LRDS_Transaction.c:133
[PID=4449][Fri Mar 18 06:54:14 2022] Error : -1773336352(Invalid error code) in EduBfM_Test.c:116
[PID=4449][Fri Mar 18 06:54:14 2022] Error : -589829(eNOLOGGEDTRANSACTION_RM) in RM_Transaction.c:311
[PID=4449][Fri Mar 18 06:54:14 2022] Error : -589829(eNOLOGGEDTRANSACTION_RM) in SM_Transaction.c:258
[PID=4449][Fri Mar 18 06:54:14 2022] Error : -589829(eNOLOGGEDTRANSACTION_RM) in SM_ThinLayer.c:761
[PID=4449][Fri Mar 18 06:54:14 2022] Error : -589829(eNOLOGGEDTRANSACTION_RM) in LRDS_Transaction.c:133
[PID=4545][Fri Mar 18 06:59:54 2022] Error : -262150(eNOTFOUND_BFM) in edubfm_Hash.c:156
[PID=4655][Fri Mar 18 07:05:27 2022] Error : -262150(eNOTFOUND_BFM) in edubfm_Hash.c:156
[PID=4767][Fri Mar 18 07:07:54 2022] Error : -262150(eNOTFOUND_BFM) in edubfm_Hash.c:157
[PID=4859][Fri Mar 18 07:10:33 2022] Error : -262150(eNOTFOUND_BFM) in edubfm_Hash.c:157
[PID=4948][Fri Mar 18 07:11:27 2022] Error : -1606761712(Invalid error code) in EduBfM_Test.c:116
[PID=4948][Fri Mar 18 07:11:27 2022] Error : -589829(eNOLOGGEDTRANSACTION_RM) in RM_Transaction.c:311
[PID=4948][Fri Mar 18 07:11:27 2022] Error : -589829(eNOLOGGEDTRANSACTION_RM) in SM_Transaction.c:258
[PID=4948][Fri Mar 18 07:11:27 2022] Error : -589829(eNOLOGGEDTRANSACTION_RM) in SM_ThinLayer.c:761
[PID=4948][Fri Mar 18 07:11:27 2022] Error : -589829(eNOLOGGEDTRANSACTION_RM) in LRDS_Transaction.c:133
[PID=5001][Fri Mar 18 07:11:50 2022] Error : -394982256(Invalid error code) in EduBfM_Test.c:116
[PID=5001][Fri Mar 18 07:11:50 2022] Error : -589829(eNOLOGGEDTRANSACTION_RM) in RM_Transaction.c:311
[PID=5001][Fri Mar 18 07:11:50 2022] Error : -589829(eNOLOGGEDTRANSACTION_RM) in SM_Transaction.c:258
[PID=5001][Fri Mar 18 07:11:50 2022] Error : -589829(eNOLOGGEDTRANSACTION_RM) in SM_ThinLayer.c:761
[PID=5001][Fri Mar 18 07:11:50 2022] Error : -589829(eNOLOGGEDTRANSACTION_RM) in LRDS_Transaction.c:133
[PID=5050][Fri Mar 18 07:11:59 2022] Error : -343764016(Invalid error code) in EduBfM_Test.c:116
[PID=5050][Fri Mar 18 07:11:59 2022] Error : -589829(eNOLOGGEDTRANSACTION_RM) in RM_Transaction.c:311
[PID=5050][Fri Mar 18 07:11:59 2022] Error : -589829(eNOLOGGEDTRANSACTION_RM) in SM_Transaction.c:258
[PID=5050][Fri Mar 18 07:11:59 2022] Error : -589829(eNOLOGGEDTRANSACTION_RM) in SM_ThinLayer.c:761
[PID=5050][Fri Mar 18 07:11:59 2022] Error : -589829(eNOLOGGEDTRANSACTION_RM) in LRDS_Transaction.c:133
[PID=5099][Fri Mar 18 07:12:10 2022] Error : -262150(eNOTFOUND_BFM) in edubfm_Hash.c:157
[PID=5150][Fri Mar 18 07:12:26 2022] Error : -1830560960(Invalid error code) in EduBfM_Test.c:116
[PID=5150][Fri Mar 18 07:12:26 2022] Error : -589829(eNOLOGGEDTRANSACTION_RM) in RM_Transaction.c:311
[PID=5150][Fri Mar 18 07:12:26 2022] Error : -589829(eNOLOGGEDTRANSACTION_RM) in SM_Transaction.c:258
[PID=5150][Fri Mar 18 07:12:26 2022] Error : -589829(eNOLOGGEDTRANSACTION_RM) in SM_ThinLayer.c:761
[PID=5150][Fri Mar 18 07:12:26 2022] Error : -589829(eNOLOGGEDTRANSACTION_RM) in LRDS_Transaction.c:133
[PID=5208][Fri Mar 18 07:12:39 2022] Error : -1853021136(Invalid error code) in EduBfM_Test.c:116
[PID=5208][Fri Mar 18 07:12:39 2022] Error : -589829(eNOLOGGEDTRANSACTION_RM) in RM_Transaction.c:311
[PID=5208][Fri Mar 18 07:12:39 2022] Error : -589829(eNOLOGGEDTRANSACTION_RM) in SM_Transaction.c:258
[PID=5208][Fri Mar 18 07:12:39 2022] Error : -589829(eNOLOGGEDTRANSACTION_RM) in SM_ThinLayer.c:761
[PID=5208][Fri Mar 18 07:12:39 2022] Error : -589829(eNOLOGGEDTRANSACTION_RM) in LRDS_Transaction.c:133
[PID=5308][Fri Mar 18 07:13:39 2022] Error : -262150(eNOTFOUND_BFM) in edubfm_Hash.c:157
[PID=5364][Fri Mar 18 07:14:06 2022] Error : -352145040(Invalid error code) in EduBfM_Test.c:116
[PID=5364][Fri Mar 18 07:14:06 2022] Error : -589829(eNOLOGGEDTRANSACTION_RM) in RM_Transaction.c:311
[PID=5364][Fri Mar 18 07:14:06 2022] Error : -589829(eNOLOGGEDTRANSACTION_RM) in SM_Transaction.c:258
[PID=5364][Fri Mar 18 07:14:06 2022] Error : -589829(eNOLOGGEDTRANSACTION_RM) in SM_ThinLayer.c:761
[PID=5364][Fri Mar 18 07:14:06 2022] Error : -589829(eNOLOGGEDTRANSACTION_RM) in LRDS_Transaction.c:133
[PID=5426][Fri Mar 18 07:14:57 2022] Error : -262150(eNOTFOUND_BFM) in edubfm_Hash.c:157
[PID=5426][Fri Mar 18 07:14:57 2022] Error : -262150(eNOTFOUND_BFM) in edubfm_Hash.c:157
[PID=5426][Fri Mar 18 07:14:57 2022] Error : -262150(eNOTFOUND_BFM) in edubfm_Hash.c:157
[PID=5426][Fri Mar 18 07:14:57 2022] Error : -262150(eNOTFOUND_BFM) in edubfm_Hash.c:157
[PID=5426][Fri Mar 18 07:15:00 2022] Error : -262150(eNOTFOUND_BFM) in edubfm_Hash.c:157
[PID=5914][Fri Mar 18 07:29:52 2022] Error : -2018782144(Invalid error code) in EduBfM_Test.c:144
[PID=5914][Fri Mar 18 07:29:52 2022] Error : -589829(eNOLOGGEDTRANSACTION_RM) in RM_Transaction.c:311
[PID=5914][Fri Mar 18 07:29:52 2022] Error : -589829(eNOLOGGEDTRANSACTION_RM) in SM_Transaction.c:258
[PID=5914][Fri Mar 18 07:29:52 2022] Error : -589829(eNOLOGGEDTRANSACTION_RM) in SM_ThinLayer.c:761
[PID=5914][Fri Mar 18 07:29:52 2022] Error : -589829(eNOLOGGEDTRANSACTION_RM) in LRDS_Transaction.c:133
[PID=6337][Fri Mar 18 07:58:21 2022] Error : -262150(eNOTFOUND_BFM) in edubfm_Hash.c:157
[PID=6559][Fri Mar 18 08:44:24 2022] Error : -262150(eNOTFOUND_BFM) in edubfm_Hash.c:157
[PID=6611][Fri Mar 18 08:44:44 2022] Error : -262150(eNOTFOUND_BFM) in edubfm_Hash.c:157
[PID=6968][Fri Mar 18 08:53:59 2022] Error : -262150(eNOTFOUND_BFM) in edubfm_Hash.c:157
[PID=8845][Fri Mar 18 09:28:27 2022] Error : -262150(eNOTFOUND_BFM) in edubfm_Hash.c:159
[PID=8895][Fri Mar 18 09:28:59 2022] Error : -262150(eNOTFOUND_BFM) in edubfm_Hash.c:159
[PID=8967][Fri Mar 18 09:29:30 2022] Error : -262150(eNOTFOUND_BFM) in edubfm_Hash.c:159
[PID=9027][Fri Mar 18 09:30:17 2022] Error : -262150(eNOTFOUND_BFM) in edubfm_Hash.c:159
[PID=9087][Fri Mar 18 09:30:52 2022] Error : -262150(eNOTFOUND_BFM) in edubfm_Hash.c:159
[PID=9183][Fri Mar 18 09:31:39 2022] Error : -262150(eNOTFOUND_BFM) in edubfm_Hash.c:159
[PID=9234][Fri Mar 18 09:32:39 2022] Error : -262150(eNOTFOUND_BFM) in edubfm_Hash.c:159
[PID=9293][Fri Mar 18 09:32:59 2022] Error : -262150(eNOTFOUND_BFM) in edubfm_Hash.c:160
[PID=10776][Fri Mar 18 09:50:23 2022] Error : -2110419792(Invalid error code) in EduBfM_Test.c:116
[PID=10850][Fri Mar 18 09:51:11 2022] Error : -909173584(Invalid error code) in EduBfM_Test.c:116
[PID=10965][Fri Mar 18 09:52:19 2022] Error : -1124896832(Invalid error code) in EduBfM_Test.c:116
[PID=11314][Fri Mar 18 09:59:11 2022] Error : -431643536(Invalid error code) in EduBfM_Test.c:116
[PID=11725][Fri Mar 18 10:06:15 2022] Error : -196608(eVOLNOTMOUNTED_RDSM) in RDsM_ReadTrain.c:90
[PID=11725][Fri Mar 18 10:06:16 2022] Error : -196608(eVOLNOTMOUNTED_RDSM) in RDsM_ReadTrain.c:90
[PID=11725][Fri Mar 18 10:06:16 2022] Error : -196608(eVOLNOTMOUNTED_RDSM) in RDsM_ReadTrain.c:90
[PID=11725][Fri Mar 18 10:06:17 2022] Error : -196608(eVOLNOTMOUNTED_RDSM) in RDsM_ReadTrain.c:90
[PID=11725][Fri Mar 18 10:09:12 2022] Error : -196608(eVOLNOTMOUNTED_RDSM) in RDsM_ReadTrain.c:90
[PID=11725][Fri Mar 18 10:09:12 2022] Error : -196608(eVOLNOTMOUNTED_RDSM) in RDsM_ReadTrain.c:90
[PID=11725][Fri Mar 18 10:09:12 2022] Error : -196608(eVOLNOTMOUNTED_RDSM) in RDsM_ReadTrain.c:90
[PID=11845][Fri Mar 18 10:09:16 2022] Error : -196608(eVOLNOTMOUNTED_RDSM) in RDsM_ReadTrain.c:90
[PID=11845][Fri Mar 18 10:09:17 2022] Error : -196608(eVOLNOTMOUNTED_RDSM) in RDsM_ReadTrain.c:90
[PID=11845][Fri Mar 18 10:09:17 2022] Error : -196608(eVOLNOTMOUNTED_RDSM) in RDsM_ReadTrain.c:90
[PID=11845][Fri Mar 18 10:09:18 2022] Error : -196608(eVOLNOTMOUNTED_RDSM) in RDsM_ReadTrain.c:90
[PID=11845][Fri Mar 18 10:09:19 2022] Error : -196608(eVOLNOTMOUNTED_RDSM) in RDsM_ReadTrain.c:90
[PID=11845][Fri Mar 18 10:09:19 2022] Error : -196608(eVOLNOTMOUNTED_RDSM) in RDsM_ReadTrain.c:90
[PID=11845][Fri Mar 18 10:09:20 2022] Error : -196608(eVOLNOTMOUNTED_RDSM) in RDsM_ReadTrain.c:90
[PID=12112][Fri Mar 18 11:33:14 2022] Error : -196608(eVOLNOTMOUNTED_RDSM) in RDsM_ReadTrain.c:90
[PID=12112][Fri Mar 18 11:33:14 2022] Error : -196608(eVOLNOTMOUNTED_RDSM) in RDsM_ReadTrain.c:90
[PID=12112][Fri Mar 18 11:33:15 2022] Error : -196608(eVOLNOTMOUNTED_RDSM) in RDsM_ReadTrain.c:90
[PID=12112][Fri Mar 18 11:33:16 2022] Error : -196608(eVOLNOTMOUNTED_RDSM) in RDsM_ReadTrain.c:90
[PID=12206][Fri Mar 18 11:35:27 2022] Error : -196608(eVOLNOTMOUNTED_RDSM) in RDsM_ReadTrain.c:90
[PID=12206][Fri Mar 18 11:35:27 2022] Error : -196608(eVOLNOTMOUNTED_RDSM) in RDsM_ReadTrain.c:90
[PID=12206][Fri Mar 18 11:35:29 2022] Error : -196608(eVOLNOTMOUNTED_RDSM) in RDsM_ReadTrain.c:90
[PID=12206][Fri Mar 18 11:35:29 2022] Error : -196608(eVOLNOTMOUNTED_RDSM) in RDsM_ReadTrain.c:90
[PID=12206][Fri Mar 18 11:35:30 2022] Error : -196608(eVOLNOTMOUNTED_RDSM) in RDsM_ReadTrain.c:90
[PID=12206][Fri Mar 18 11:35:31 2022] Error : -196608(eVOLNOTMOUNTED_RDSM) in RDsM_ReadTrain.c:90
[PID=12318][Fri Mar 18 11:38:49 2022] Error : -196608(eVOLNOTMOUNTED_RDSM) in RDsM_ReadTrain.c:90
[PID=12377][Fri Mar 18 11:39:04 2022] Error : -196608(eVOLNOTMOUNTED_RDSM) in RDsM_ReadTrain.c:90
[PID=12377][Fri Mar 18 11:39:19 2022] Error : -196608(eVOLNOTMOUNTED_RDSM) in RDsM_ReadTrain.c:90
[PID=12377][Fri Mar 18 11:39:36 2022] Error : -196608(eVOLNOTMOUNTED_RDSM) in RDsM_ReadTrain.c:90
[PID=12482][Fri Mar 18 11:41:17 2022] Error : -196608(eVOLNOTMOUNTED_RDSM) in RDsM_ReadTrain.c:90
[PID=12482][Fri Mar 18 11:41:26 2022] Error : -196608(eVOLNOTMOUNTED_RDSM) in RDsM_ReadTrain.c:90
[PID=12482][Fri Mar 18 11:42:34 2022] Error : -196608(eVOLNOTMOUNTED_RDSM) in RDsM_ReadTrain.c:90
[PID=12603][Fri Mar 18 11:45:09 2022] Error : -196608(eVOLNOTMOUNTED_RDSM) in RDsM_ReadTrain.c:90
[PID=12714][Fri Mar 18 11:46:42 2022] Error : -196608(eVOLNOTMOUNTED_RDSM) in RDsM_ReadTrain.c:90
[PID=12779][Fri Mar 18 11:49:13 2022] Error : -196608(eVOLNOTMOUNTED_RDSM) in RDsM_ReadTrain.c:90
[PID=12779][Fri Mar 18 11:49:14 2022] Error : -196608(eVOLNOTMOUNTED_RDSM) in RDsM_ReadTrain.c:90
[PID=12779][Fri Mar 18 11:49:14 2022] Error : -196608(eVOLNOTMOUNTED_RDSM) in RDsM_ReadTrain.c:90
[PID=12779][Fri Mar 18 11:49:15 2022] Error : -196608(eVOLNOTMOUNTED_RDSM) in RDsM_ReadTrain.c:90
[PID=12779][Fri Mar 18 11:49:15 2022] Error : -196608(eVOLNOTMOUNTED_RDSM) in RDsM_ReadTrain.c:90
[PID=12779][Fri Mar 18 11:49:16 2022] Error : -196608(eVOLNOTMOUNTED_RDSM) in RDsM_ReadTrain.c:90
[PID=12779][Fri Mar 18 11:49:17 2022] Error : -196608(eVOLNOTMOUNTED_RDSM) in RDsM_ReadTrain.c:90
[PID=12779][Fri Mar 18 11:49:18 2022] Error : -196608(eVOLNOTMOUNTED_RDSM) in RDsM_ReadTrain.c:90
[PID=12779][Fri Mar 18 11:49:18 2022] Error : -196608(eVOLNOTMOUNTED_RDSM) in RDsM_ReadTrain.c:90
[PID=12918][Fri Mar 18 11:51:58 2022] Error : -196608(eVOLNOTMOUNTED_RDSM) in RDsM_ReadTrain.c:90
[PID=12918][Fri Mar 18 11:52:00 2022] Error : -196608(eVOLNOTMOUNTED_RDSM) in RDsM_ReadTrain.c:90
[PID=12918][Fri Mar 18 11:52:01 2022] Error : -196608(eVOLNOTMOUNTED_RDSM) in RDsM_ReadTrain.c:90
[PID=12918][Fri Mar 18 11:52:01 2022] Error : -196608(eVOLNOTMOUNTED_RDSM) in RDsM_ReadTrain.c:90
[PID=12918][Fri Mar 18 11:52:02 2022] Error : -196608(eVOLNOTMOUNTED_RDSM) in RDsM_ReadTrain.c:90
[PID=13026][Fri Mar 18 11:53:19 2022] Error : -196608(eVOLNOTMOUNTED_RDSM) in RDsM_ReadTrain.c:90
[PID=13026][Fri Mar 18 11:53:20 2022] Error : -196608(eVOLNOTMOUNTED_RDSM) in RDsM_ReadTrain.c:90
[PID=13026][Fri Mar 18 11:53:21 2022] Error : -196608(eVOLNOTMOUNTED_RDSM) in RDsM_ReadTrain.c:90
[PID=13026][Fri Mar 18 11:53:21 2022] Error : -196608(eVOLNOTMOUNTED_RDSM) in RDsM_ReadTrain.c:90
[PID=13026][Fri Mar 18 11:53:22 2022] Error : -196608(eVOLNOTMOUNTED_RDSM) in RDsM_ReadTrain.c:90
[PID=13098][Fri Mar 18 11:54:23 2022] Error : -196608(eVOLNOTMOUNTED_RDSM) in RDsM_ReadTrain.c:90
[PID=13098][Fri Mar 18 11:54:24 2022] Error : -196608(eVOLNOTMOUNTED_RDSM) in RDsM_ReadTrain.c:90
[PID=13098][Fri Mar 18 11:54:25 2022] Error : -196608(eVOLNOTMOUNTED_RDSM) in RDsM_ReadTrain.c:90
[PID=13098][Fri Mar 18 11:54:25 2022] Error : -196608(eVOLNOTMOUNTED_RDSM) in RDsM_ReadTrain.c:90
[PID=13098][Fri Mar 18 11:55:30 2022] Error : -196608(eVOLNOTMOUNTED_RDSM) in RDsM_ReadTrain.c:90
[PID=13098][Fri Mar 18 11:55:30 2022] Error : -196608(eVOLNOTMOUNTED_RDSM) in RDsM_ReadTrain.c:90
[PID=13098][Fri Mar 18 11:55:30 2022] Error : -196608(eVOLNOTMOUNTED_RDSM) in RDsM_ReadTrain.c:90
[PID=13098][Fri Mar 18 11:55:30 2022] Error : -196608(eVOLNOTMOUNTED_RDSM) in RDsM_ReadTrain.c:90
[PID=13098][Fri Mar 18 11:55:30 2022] Error : -196608(eVOLNOTMOUNTED_RDSM) in RDsM_ReadTrain.c:90
[PID=13098][Fri Mar 18 11:55:30 2022] Error : -196608(eVOLNOTMOUNTED_RDSM) in RDsM_ReadTrain.c:90
[PID=13191][Fri Mar 18 11:55:36 2022] Error : -196608(eVOLNOTMOUNTED_RDSM) in RDsM_ReadTrain.c:90
[PID=13191][Fri Mar 18 11:55:36 2022] Error : -196608(eVOLNOTMOUNTED_RDSM) in RDsM_ReadTrain.c:90
[PID=13191][Fri Mar 18 11:55:37 2022] Error : -196608(eVOLNOTMOUNTED_RDSM) in RDsM_ReadTrain.c:90
[PID=13191][Fri Mar 18 11:55:38 2022] Error : -196608(eVOLNOTMOUNTED_RDSM) in RDsM_ReadTrain.c:90
[PID=13253][Fri Mar 18 11:56:02 2022] Error : -196608(eVOLNOTMOUNTED_RDSM) in RDsM_ReadTrain.c:90
[PID=13253][Fri Mar 18 11:56:02 2022] Error : -196608(eVOLNOTMOUNTED_RDSM) in RDsM_ReadTrain.c:90
[PID=13253][Fri Mar 18 11:56:03 2022] Error : -196608(eVOLNOTMOUNTED_RDSM) in RDsM_ReadTrain.c:90
[PID=13253][Fri Mar 18 11:56:03 2022] Error : -196608(eVOLNOTMOUNTED_RDSM) in RDsM_ReadTrain.c:90
[PID=13546][Fri Mar 18 12:05:39 2022] Error : -196608(eVOLNOTMOUNTED_RDSM) in RDsM_ReadTrain.c:90
[PID=13546][Fri Mar 18 12:05:50 2022] Error : -196608(eVOLNOTMOUNTED_RDSM) in RDsM_ReadTrain.c:90
[PID=13673][Fri Mar 18 12:07:35 2022] Error : -196608(eVOLNOTMOUNTED_RDSM) in RDsM_ReadTrain.c:90
[PID=13775][Fri Mar 18 12:09:16 2022] Error : -196608(eVOLNOTMOUNTED_RDSM) in RDsM_ReadTrain.c:90
[PID=13775][Fri Mar 18 12:09:21 2022] Error : -196608(eVOLNOTMOUNTED_RDSM) in RDsM_ReadTrain.c:90
[PID=13775][Fri Mar 18 12:09:22 2022] Error : -196608(eVOLNOTMOUNTED_RDSM) in RDsM_ReadTrain.c:90
[PID=13775][Fri Mar 18 12:09:23 2022] Error : -196608(eVOLNOTMOUNTED_RDSM) in RDsM_ReadTrain.c:90
[PID=13929][Fri Mar 18 12:13:34 2022] Error : -196608(eVOLNOTMOUNTED_RDSM) in RDsM_ReadTrain.c:90
[PID=14157][Fri Mar 18 12:17:35 2022] Error : -196608(eVOLNOTMOUNTED_RDSM) in RDsM_ReadTrain.c:90
[PID=14157][Fri Mar 18 12:17:43 2022] Error : -196608(eVOLNOTMOUNTED_RDSM) in RDsM_ReadTrain.c:90
[PID=14157][Fri Mar 18 12:17:44 2022] Error : -196608(eVOLNOTMOUNTED_RDSM) in RDsM_ReadTrain.c:90
[PID=14157][Fri Mar 18 12:17:44 2022] Error : -196608(eVOLNOTMOUNTED_RDSM) in RDsM_ReadTrain.c:90
[PID=14157][Fri Mar 18 12:17:45 2022] Error : -196608(eVOLNOTMOUNTED_RDSM) in RDsM_ReadTrain.c:90
[PID=14157][Fri Mar 18 12:17:45 2022] Error : -196608(eVOLNOTMOUNTED_RDSM) in RDsM_ReadTrain.c:90
[PID=14474][Fri Mar 18 12:34:28 2022] Error : -196608(eVOLNOTMOUNTED_RDSM) in RDsM_ReadTrain.c:90
[PID=14474][Fri Mar 18 12:34:30 2022] Error : -196608(eVOLNOTMOUNTED_RDSM) in RDsM_ReadTrain.c:90
[PID=14474][Fri Mar 18 12:34:30 2022] Error : -262152(eBADBUFINDEX_BFM) in edubfm_Hash.c:90
[PID=14474][Fri Mar 18 12:34:31 2022] Error : -196608(eVOLNOTMOUNTED_RDSM) in RDsM_ReadTrain.c:90
[PID=14474][Fri Mar 18 12:34:31 2022] Error : -262152(eBADBUFINDEX_BFM) in edubfm_Hash.c:90
[PID=14474][Fri Mar 18 12:34:32 2022] Error : -196608(eVOLNOTMOUNTED_RDSM) in RDsM_ReadTrain.c:90
[PID=14474][Fri Mar 18 12:34:32 2022] Error : -262152(eBADBUFINDEX_BFM) in edubfm_Hash.c:90
[PID=14474][Fri Mar 18 12:34:32 2022] Error : -196608(eVOLNOTMOUNTED_RDSM) in RDsM_ReadTrain.c:90
[PID=14474][Fri Mar 18 12:34:32 2022] Error : -262152(eBADBUFINDEX_BFM) in edubfm_Hash.c:90
[PID=14474][Fri Mar 18 12:34:32 2022] Error : -196608(eVOLNOTMOUNTED_RDSM) in RDsM_ReadTrain.c:90
[PID=14474][Fri Mar 18 12:34:32 2022] Error : -262152(eBADBUFINDEX_BFM) in edubfm_Hash.c:90
[PID=14586][Fri Mar 18 12:37:21 2022] Error : -196608(eVOLNOTMOUNTED_RDSM) in RDsM_ReadTrain.c:90
[PID=14586][Fri Mar 18 12:37:23 2022] Error : -196608(eVOLNOTMOUNTED_RDSM) in RDsM_ReadTrain.c:90
[PID=14586][Fri Mar 18 12:37:23 2022] Error : -262152(eBADBUFINDEX_BFM) in edubfm_Hash.c:90
[PID=14586][Fri Mar 18 12:37:24 2022] Error : -196608(eVOLNOTMOUNTED_RDSM) in RDsM_ReadTrain.c:90
[PID=14586][Fri Mar 18 12:37:24 2022] Error : -262152(eBADBUFINDEX_BFM) in edubfm_Hash.c:90
[PID=14586][Fri Mar 18 12:37:25 2022] Error : -196608(eVOLNOTMOUNTED_RDSM) in RDsM_ReadTrain.c:90
[PID=14586][Fri Mar 18 12:37:25 2022] Error : -262152(eBADBUFINDEX_BFM) in edubfm_Hash.c:90
[PID=14711][Fri Mar 18 12:38:26 2022] Error : -196608(eVOLNOTMOUNTED_RDSM) in RDsM_ReadTrain.c:90
[PID=14711][Fri Mar 18 12:38:27 2022] Error : -196608(eVOLNOTMOUNTED_RDSM) in RDsM_ReadTrain.c:90
[PID=14711][Fri Mar 18 12:38:27 2022] Error : -262152(eBADBUFINDEX_BFM) in edubfm_Hash.c:90
[PID=14711][Fri Mar 18 12:38:28 2022] Error : -196608(eVOLNOTMOUNTED_RDSM) in RDsM_ReadTrain.c:90
[PID=14711][Fri Mar 18 12:38:28 2022] Error : -262152(eBADBUFINDEX_BFM) in edubfm_Hash.c:90
[PID=14787][Fri Mar 18 12:38:48 2022] Error : -196608(eVOLNOTMOUNTED_RDSM) in RDsM_ReadTrain.c:90
[PID=14787][Fri Mar 18 12:38:49 2022] Error : -196608(eVOLNOTMOUNTED_RDSM) in RDsM_ReadTrain.c:90
[PID=14787][Fri Mar 18 12:39:00 2022] Error : -196608(eVOLNOTMOUNTED_RDSM) in RDsM_ReadTrain.c:90
[PID=14787][Fri Mar 18 12:39:01 2022] Error : -196608(eVOLNOTMOUNTED_RDSM) in RDsM_ReadTrain.c:90
[PID=14787][Fri Mar 18 12:39:01 2022] Error : -196608(eVOLNOTMOUNTED_RDSM) in RDsM_ReadTrain.c:90
[PID=14903][Fri Mar 18 12:41:28 2022] Error : -196608(eVOLNOTMOUNTED_RDSM) in RDsM_ReadTrain.c:90
[PID=14903][Fri Mar 18 12:41:29 2022] Error : -196608(eVOLNOTMOUNTED_RDSM) in RDsM_ReadTrain.c:90
[PID=14987][Fri Mar 18 12:41:40 2022] Error : -196608(eVOLNOTMOUNTED_RDSM) in RDsM_ReadTrain.c:90
[PID=14987][Fri Mar 18 12:41:40 2022] Error : -196608(eVOLNOTMOUNTED_RDSM) in RDsM_ReadTrain.c:90
[PID=15068][Fri Mar 18 12:42:47 2022] Error : -196608(eVOLNOTMOUNTED_RDSM) in RDsM_ReadTrain.c:90
[PID=15068][Fri Mar 18 12:42:47 2022] Error : -196608(eVOLNOTMOUNTED_RDSM) in RDsM_ReadTrain.c:90
[PID=15068][Fri Mar 18 12:42:48 2022] Error : -196608(eVOLNOTMOUNTED_RDSM) in RDsM_ReadTrain.c:90
[PID=15068][Fri Mar 18 12:42:48 2022] Error : -196608(eVOLNOTMOUNTED_RDSM) in RDsM_ReadTrain.c:90
[PID=15068][Fri Mar 18 12:42:49 2022] Error : -196608(eVOLNOTMOUNTED_RDSM) in RDsM_ReadTrain.c:90
[PID=15068][Fri Mar 18 12:42:49 2022] Error : -196608(eVOLNOTMOUNTED_RDSM) in RDsM_ReadTrain.c:90
[PID=15068][Fri Mar 18 12:42:50 2022] Error : -196608(eVOLNOTMOUNTED_RDSM) in RDsM_ReadTrain.c:90
[PID=15068][Fri Mar 18 12:42:50 2022] Error : -196608(eVOLNOTMOUNTED_RDSM) in RDsM_ReadTrain.c:90
[PID=15068][Fri Mar 18 12:42:51 2022] Error : -196608(eVOLNOTMOUNTED_RDSM) in RDsM_ReadTrain.c:90
[PID=15068][Fri Mar 18 12:42:52 2022] Error : -196608(eVOLNOTMOUNTED_RDSM) in RDsM_ReadTrain.c:90
[PID=15068][Fri Mar 18 12:43:04 2022] Error : -196608(eVOLNOTMOUNTED_RDSM) in RDsM_ReadTrain.c:90
